    Finished `dev` profile [unoptimized + debuginfo] target(s) in 0.71s
     Running `target/debug/deepbook-indexer --env mainnet --database-url 'postgres://postgres:postgrespw@localhost:5433/deepbook' --walrus-cli-backfill --first-checkpoint 239604625 --last-checkpoint 239615933`
2026-01-29T20:59:21.648401Z  INFO deepbook_indexer: Starting Walrus CLI-only backfill...
2026-01-29T20:59:21.778771Z  INFO deepbook_indexer::walrus_storage: fetching Walrus blob metadata from: https://walrus-sui-archival.mainnet.walrus.space
2026-01-29T20:59:22.126846Z  INFO deepbook_indexer::walrus_storage: fetched 50 Walrus blobs covering checkpoints 238954764..239615933
2026-01-29T20:59:22.127087Z  INFO sui_pg_db: Running migrations ...
2026-01-29T20:59:22.204028Z  INFO sui_pg_db: Migrations complete.
2026-01-29T20:59:22.278311Z  INFO deepbook_indexer: Walrus CLI backfill chunk size: 200
2026-01-29T20:59:22.278372Z  INFO deepbook_indexer: Walrus CLI concurrency: blobs=2, ranges_per_blob=1, max_range_bytes_cli=8388608
2026-01-29T20:59:22.278380Z  INFO deepbook_indexer: Walrus CLI range retries: max=8, small_max=4, delay=10s, min_split_bytes=4194304
2026-01-29T20:59:22.278439Z  INFO deepbook_indexer: resuming walrus CLI backfill from 239607497 (state file backfill_progress.state)
2026-01-29T20:59:22.278461Z  INFO deepbook_indexer: Walrus CLI backfill range: 239607497..239615933 (context=mainnet)
2026-01-29T20:59:25.418200Z  INFO deepbook_indexer::walrus_storage: walrus cli size differs from archival metadata for blob E4Yhbn547ZCatYwqoj_b4cGSfdBDcOHeuXfyTxTKb-g (cli=3220992334, archival=3220829414)
2026-01-29T21:00:19.869852Z  INFO deepbook_indexer::walrus_storage: walrus cli read 7.26 MB from E4Yhbn547ZCatYwqoj_b4cGSfdBDcOHeuXfyTxTKb-g (offset 1804503935, len 7264429) in 14.35s (0.51 MB/s)
2026-01-29T21:00:47.510142Z  INFO deepbook_indexer::walrus_storage: walrus cli read 7.15 MB from E4Yhbn547ZCatYwqoj_b4cGSfdBDcOHeuXfyTxTKb-g (offset 1811768364, len 7151701) in 25.76s (0.28 MB/s)
2026-01-29T21:01:38.890950Z  INFO deepbook_indexer::walrus_storage: walrus cli read 8.05 MB from E4Yhbn547ZCatYwqoj_b4cGSfdBDcOHeuXfyTxTKb-g (offset 1818920065, len 8046736) in 49.39s (0.16 MB/s)
2026-01-29T21:02:34.723653Z  INFO deepbook_indexer::walrus_storage: walrus cli read 8.05 MB from E4Yhbn547ZCatYwqoj_b4cGSfdBDcOHeuXfyTxTKb-g (offset 1826966801, len 8045596) in 54.23s (0.15 MB/s)
2026-01-29T21:03:30.916195Z  INFO deepbook_indexer::walrus_storage: walrus cli read 8.26 MB from E4Yhbn547ZCatYwqoj_b4cGSfdBDcOHeuXfyTxTKb-g (offset 1835012397, len 8260787) in 54.09s (0.15 MB/s)
2026-01-29T21:04:03.142420Z  INFO deepbook_indexer::walrus_storage: walrus cli read 7.15 MB from E4Yhbn547ZCatYwqoj_b4cGSfdBDcOHeuXfyTxTKb-g (offset 1843273184, len 7153705) in 29.61s (0.24 MB/s)
2026-01-29T21:04:45.260850Z  INFO deepbook_indexer::walrus_storage: walrus cli read 8.22 MB from E4Yhbn547ZCatYwqoj_b4cGSfdBDcOHeuXfyTxTKb-g (offset 1850426889, len 8217506) in 39.65s (0.21 MB/s)
2026-01-29T21:05:28.609551Z  INFO deepbook_indexer::walrus_storage: walrus cli read 8.07 MB from E4Yhbn547ZCatYwqoj_b4cGSfdBDcOHeuXfyTxTKb-g (offset 1858644395, len 8071996) in 40.79s (0.20 MB/s)
2026-01-29T21:05:56.155298Z  INFO deepbook_indexer::walrus_storage: walrus cli read 8.26 MB from E4Yhbn547ZCatYwqoj_b4cGSfdBDcOHeuXfyTxTKb-g (offset 1866716391, len 8258223) in 25.55s (0.32 MB/s)
2026-01-29T21:06:28.803699Z  INFO deepbook_indexer::walrus_storage: walrus cli read 8.04 MB from E4Yhbn547ZCatYwqoj_b4cGSfdBDcOHeuXfyTxTKb-g (offset 1874974614, len 8038753) in 30.43s (0.26 MB/s)
2026-01-29T21:07:05.695456Z  INFO deepbook_indexer::walrus_storage: walrus cli read 7.98 MB from E4Yhbn547ZCatYwqoj_b4cGSfdBDcOHeuXfyTxTKb-g (offset 1883013367, len 7980771) in 34.66s (0.23 MB/s)
2026-01-29T21:07:27.761165Z  INFO deepbook_indexer::walrus_storage: walrus cli read 7.93 MB from E4Yhbn547ZCatYwqoj_b4cGSfdBDcOHeuXfyTxTKb-g (offset 1890994138, len 7934695) in 19.94s (0.40 MB/s)
2026-01-29T21:08:04.567527Z  INFO deepbook_indexer::walrus_storage: walrus cli read 8.37 MB from E4Yhbn547ZCatYwqoj_b4cGSfdBDcOHeuXfyTxTKb-g (offset 1898928833, len 8365632) in 34.69s (0.24 MB/s)
2026-01-29T21:08:42.091303Z  INFO deepbook_indexer::walrus_storage: walrus cli read 8.06 MB from E4Yhbn547ZCatYwqoj_b4cGSfdBDcOHeuXfyTxTKb-g (offset 1907294465, len 8063786) in 34.91s (0.23 MB/s)
2026-01-29T21:09:21.662476Z  INFO deepbook_indexer::walrus_storage: walrus cli read 8.25 MB from E4Yhbn547ZCatYwqoj_b4cGSfdBDcOHeuXfyTxTKb-g (offset 1915358251, len 8253097) in 37.01s (0.22 MB/s)
2026-01-29T21:09:56.069649Z  INFO deepbook_indexer::walrus_storage: walrus cli read 8.29 MB from E4Yhbn547ZCatYwqoj_b4cGSfdBDcOHeuXfyTxTKb-g (offset 1923611348, len 8287165) in 32.38s (0.26 MB/s)
2026-01-29T21:10:27.263515Z  INFO deepbook_indexer::walrus_storage: walrus cli read 5.97 MB from E4Yhbn547ZCatYwqoj_b4cGSfdBDcOHeuXfyTxTKb-g (offset 1931898513, len 5967902) in 28.53s (0.21 MB/s)
2026-01-29T21:10:29.025052Z  INFO deepbook_indexer: processed 200 checkpoints (239607497..239607696) in 666.75s (0.30 cp/s, 0.19 MB/s)
2026-01-29T21:11:06.183640Z  INFO deepbook_indexer::walrus_storage: walrus cli read 8.14 MB from E4Yhbn547ZCatYwqoj_b4cGSfdBDcOHeuXfyTxTKb-g (offset 1937866415, len 8139812) in 37.16s (0.22 MB/s)
2026-01-29T21:11:19.611824Z  INFO deepbook_indexer::walrus_storage: walrus cli read 7.90 MB from E4Yhbn547ZCatYwqoj_b4cGSfdBDcOHeuXfyTxTKb-g (offset 1946006227, len 7904064) in 10.88s (0.73 MB/s)
2026-01-29T21:11:37.743662Z  INFO deepbook_indexer::walrus_storage: walrus cli read 7.94 MB from E4Yhbn547ZCatYwqoj_b4cGSfdBDcOHeuXfyTxTKb-g (offset 1953910291, len 7935186) in 15.59s (0.51 MB/s)
2026-01-29T21:11:50.123590Z  INFO deepbook_indexer::walrus_storage: walrus cli read 8.35 MB from E4Yhbn547ZCatYwqoj_b4cGSfdBDcOHeuXfyTxTKb-g (offset 1961845477, len 8353343) in 9.78s (0.85 MB/s)
2026-01-29T21:12:18.072829Z  INFO deepbook_indexer::walrus_storage: walrus cli read 8.05 MB from E4Yhbn547ZCatYwqoj_b4cGSfdBDcOHeuXfyTxTKb-g (offset 1970198820, len 8048917) in 25.54s (0.32 MB/s)
2026-01-29T21:12:45.022660Z  INFO deepbook_indexer::walrus_storage: walrus cli read 7.89 MB from E4Yhbn547ZCatYwqoj_b4cGSfdBDcOHeuXfyTxTKb-g (offset 1978247737, len 7886473) in 24.28s (0.32 MB/s)
2026-01-29T21:13:15.289188Z  INFO deepbook_indexer::walrus_storage: walrus cli read 8.29 MB from E4Yhbn547ZCatYwqoj_b4cGSfdBDcOHeuXfyTxTKb-g (offset 1986134210, len 8293703) in 27.77s (0.30 MB/s)
2026-01-29T21:13:58.501007Z  INFO deepbook_indexer::walrus_storage: walrus cli read 8.36 MB from E4Yhbn547ZCatYwqoj_b4cGSfdBDcOHeuXfyTxTKb-g (offset 1994427913, len 8359086) in 40.86s (0.20 MB/s)
2026-01-29T21:14:20.473911Z  INFO deepbook_indexer::walrus_storage: walrus cli read 7.90 MB from E4Yhbn547ZCatYwqoj_b4cGSfdBDcOHeuXfyTxTKb-g (offset 2002786999, len 7898265) in 19.28s (0.41 MB/s)
2026-01-29T21:14:47.725853Z  INFO deepbook_indexer::walrus_storage: walrus cli read 8.27 MB from E4Yhbn547ZCatYwqoj_b4cGSfdBDcOHeuXfyTxTKb-g (offset 2010685264, len 8271650) in 24.82s (0.33 MB/s)
2026-01-29T21:15:18.216154Z  INFO deepbook_indexer::walrus_storage: walrus cli read 7.23 MB from E4Yhbn547ZCatYwqoj_b4cGSfdBDcOHeuXfyTxTKb-g (offset 2018956914, len 7226701) in 27.87s (0.26 MB/s)
2026-01-29T21:15:41.367846Z  INFO deepbook_indexer::walrus_storage: walrus cli read 7.91 MB from E4Yhbn547ZCatYwqoj_b4cGSfdBDcOHeuXfyTxTKb-g (offset 2026183615, len 7907211) in 20.72s (0.38 MB/s)
2026-01-29T21:16:18.344951Z  INFO deepbook_indexer: processed 200 checkpoints (239607697..239607896) in 349.32s (0.57 cp/s, 0.27 MB/s)
2026-01-29T21:16:36.730606Z  INFO deepbook_indexer::walrus_storage: walrus cli read 6.76 MB from E4Yhbn547ZCatYwqoj_b4cGSfdBDcOHeuXfyTxTKb-g (offset 2037663741, len 6756532) in 18.38s (0.37 MB/s)
2026-01-29T21:17:16.260534Z  INFO deepbook_indexer::walrus_storage: walrus cli read 6.05 MB from E4Yhbn547ZCatYwqoj_b4cGSfdBDcOHeuXfyTxTKb-g (offset 2044420273, len 6045485) in 37.49s (0.16 MB/s)
2026-01-29T21:18:01.592671Z  INFO deepbook_indexer::walrus_storage: walrus cli read 8.00 MB from E4Yhbn547ZCatYwqoj_b4cGSfdBDcOHeuXfyTxTKb-g (offset 2050465758, len 8001199) in 43.92s (0.18 MB/s)
2026-01-29T21:18:32.123927Z  INFO deepbook_indexer::walrus_storage: walrus cli read 7.70 MB from E4Yhbn547ZCatYwqoj_b4cGSfdBDcOHeuXfyTxTKb-g (offset 2058466957, len 7700127) in 28.85s (0.27 MB/s)
2026-01-29T21:18:45.895346Z  INFO deepbook_indexer::walrus_storage: walrus cli read 7.38 MB from E4Yhbn547ZCatYwqoj_b4cGSfdBDcOHeuXfyTxTKb-g (offset 2066167084, len 7377092) in 12.44s (0.59 MB/s)
2026-01-29T21:19:07.747173Z  INFO deepbook_indexer::walrus_storage: walrus cli read 8.29 MB from E4Yhbn547ZCatYwqoj_b4cGSfdBDcOHeuXfyTxTKb-g (offset 2073544176, len 8292142) in 20.72s (0.40 MB/s)
2026-01-29T21:24:01.503602Z  INFO deepbook_indexer::walrus_storage: walrus cli read 6.82 MB from E4Yhbn547ZCatYwqoj_b4cGSfdBDcOHeuXfyTxTKb-g (offset 2081836318, len 6821922) in 292.39s (0.02 MB/s)
2026-01-29T21:24:47.053618Z  INFO deepbook_indexer::walrus_storage: walrus cli read 7.43 MB from E4Yhbn547ZCatYwqoj_b4cGSfdBDcOHeuXfyTxTKb-g (offset 2088658240, len 7433344) in 44.10s (0.17 MB/s)
2026-01-29T21:25:16.950620Z  INFO deepbook_indexer::walrus_storage: walrus cli read 5.50 MB from E4Yhbn547ZCatYwqoj_b4cGSfdBDcOHeuXfyTxTKb-g (offset 2096091584, len 5504440) in 28.36s (0.19 MB/s)
2026-01-29T21:25:57.560441Z  INFO deepbook_indexer::walrus_storage: walrus cli read 6.42 MB from E4Yhbn547ZCatYwqoj_b4cGSfdBDcOHeuXfyTxTKb-g (offset 2101596024, len 6416570) in 39.44s (0.16 MB/s)
2026-01-29T21:26:40.183304Z  INFO deepbook_indexer::walrus_storage: walrus cli read 7.63 MB from E4Yhbn547ZCatYwqoj_b4cGSfdBDcOHeuXfyTxTKb-g (offset 2108012594, len 7628698) in 41.71s (0.18 MB/s)
2026-01-29T21:27:22.663329Z  INFO deepbook_indexer::walrus_storage: walrus cli read 8.18 MB from E4Yhbn547ZCatYwqoj_b4cGSfdBDcOHeuXfyTxTKb-g (offset 2115641292, len 8184088) in 41.09s (0.20 MB/s)
2026-01-29T21:28:11.880823Z  INFO deepbook_indexer::walrus_storage: walrus cli read 7.94 MB from E4Yhbn547ZCatYwqoj_b4cGSfdBDcOHeuXfyTxTKb-g (offset 2123825380, len 7938500) in 46.76s (0.17 MB/s)
2026-01-29T21:28:49.540428Z  INFO deepbook_indexer::walrus_storage: walrus cli read 6.95 MB from E4Yhbn547ZCatYwqoj_b4cGSfdBDcOHeuXfyTxTKb-g (offset 2131763880, len 6947074) in 35.73s (0.19 MB/s)
2026-01-29T21:29:40.294979Z  INFO deepbook_indexer::walrus_storage: walrus cli read 8.08 MB from E4Yhbn547ZCatYwqoj_b4cGSfdBDcOHeuXfyTxTKb-g (offset 2138710954, len 8084201) in 49.02s (0.16 MB/s)
2026-01-29T21:30:37.357563Z  INFO deepbook_indexer::walrus_storage: walrus cli read 7.78 MB from E4Yhbn547ZCatYwqoj_b4cGSfdBDcOHeuXfyTxTKb-g (offset 2146795155, len 7780579) in 53.90s (0.14 MB/s)
